<?xml version="1.0" encoding="UTF-8"?>
<testsuite xmlns:xsi="http://www.w3.org/2001/XMLSchema-instance" xsi:noNamespaceSchemaLocation="https://maven.apache.org/surefire/maven-surefire-plugin/xsd/surefire-test-report-3.0.xsd" version="3.0" name="sonarqube.logcount.sonarqube_logcount.MyFirstCustomCheckTest" time="0.086" tests="1" errors="0" skipped="0" failures="0">
  <properties>
    <property name="gopherProxySet" value="false"/>
    <property name="awt.toolkit" value="sun.lwawt.macosx.LWCToolkit"/>
    <property name="file.encoding.pkg" value="sun.io"/>
    <property name="java.specification.version" value="1.8"/>
    <property name="sun.cpu.isalist" value=""/>
    <property name="sun.jnu.encoding" value="UTF-8"/>
    <property name="java.class.path" value="/Users/esensato/Documents/opbrazil/sonarqube-logcount/target/test-classes:/Users/esensato/Documents/opbrazil/sonarqube-logcount/target/classes:/Users/esensato/.m2/repository/org/sonarsource/sonarqube/sonar-plugin-api/7.4/sonar-plugin-api-7.4.jar:/Users/esensato/.m2/repository/org/sonarsource/java/sonar-java-plugin/5.12.1.17771/sonar-java-plugin-5.12.1.17771.jar:/Users/esensato/.m2/repository/org/sonarsource/java/java-surefire/5.12.1.17771/java-surefire-5.12.1.17771.jar:/Users/esensato/.m2/repository/com/fasterxml/staxmate/staxmate/2.3.1/staxmate-2.3.1.jar:/Users/esensato/.m2/repository/org/codehaus/woodstox/stax2-api/3.1.4/stax2-api-3.1.4.jar:/Users/esensato/.m2/repository/org/sonarsource/analyzer-commons/sonar-xml-parsing/1.10.2.456/sonar-xml-parsing-1.10.2.456.jar:/Users/esensato/.m2/repository/org/sonarsource/analyzer-commons/sonar-analyzer-test-commons/1.10.2.456/sonar-analyzer-test-commons-1.10.2.456.jar:/Users/esensato/.m2/repository/xerces/xercesImpl/2.12.0/xercesImpl-2.12.0.jar:/Users/esensato/.m2/repository/xml-apis/xml-apis/1.4.01/xml-apis-1.4.01.jar:/Users/esensato/.m2/repository/com/fasterxml/woodstox/woodstox-core/5.2.0/woodstox-core-5.2.0.jar:/Users/esensato/.m2/repository/org/sonarsource/java/java-jacoco/5.12.1.17771/java-jacoco-5.12.1.17771.jar:/Users/esensato/.m2/repository/org/jacoco/org.jacoco.core/0.8.3/org.jacoco.core-0.8.3.jar:/Users/esensato/.m2/repository/org/ow2/asm/asm/7.0/asm-7.0.jar:/Users/esensato/.m2/repository/org/sonarsource/java/java-frontend/5.12.1.17771/java-frontend-5.12.1.17771.jar:/Users/esensato/.m2/repository/org/ow2/asm/asm-commons/7.1/asm-commons-7.1.jar:/Users/esensato/.m2/repository/org/ow2/asm/asm-tree/7.1/asm-tree-7.1.jar:/Users/esensato/.m2/repository/org/ow2/asm/asm-analysis/7.1/asm-analysis-7.1.jar:/Users/esensato/.m2/repository/org/ow2/asm/asm-util/7.1/asm-util-7.1.jar:/Users/esensato/.m2/repository/org/sonarsource/java/java-checks/5.12.1.17771/java-checks-5.12.1.17771.jar:/Users/esensato/.m2/repository/org/sonarsource/analyzer-commons/sonar-analyzer-recognizers/1.10.2.456/sonar-analyzer-recognizers-1.10.2.456.jar:/Users/esensato/.m2/repository/org/sonarsource/java/external-reports/5.12.1.17771/external-reports-5.12.1.17771.jar:/Users/esensato/.m2/repository/org/sonarsource/analyzer-commons/sonar-analyzer-commons/1.10.2.456/sonar-analyzer-commons-1.10.2.456.jar:/Users/esensato/.m2/repository/org/sonarsource/sslr-squid-bridge/sslr-squid-bridge/2.6.1/sslr-squid-bridge-2.6.1.jar:/Users/esensato/.m2/repository/org/picocontainer/picocontainer/2.14.1/picocontainer-2.14.1.jar:/Users/esensato/.m2/repository/org/sonarsource/java/java-checks-testkit/5.12.1.17771/java-checks-testkit-5.12.1.17771.jar:/Users/esensato/.m2/repository/com/google/code/findbugs/jsr305/1.3.9/jsr305-1.3.9.jar:/Users/esensato/.m2/repository/com/google/code/gson/gson/2.6.2/gson-2.6.2.jar:/Users/esensato/.m2/repository/org/sonarsource/sslr/sslr-testing-harness/1.21/sslr-testing-harness-1.21.jar:/Users/esensato/.m2/repository/org/sonarsource/sslr/sslr-core/1.21/sslr-core-1.21.jar:/Users/esensato/.m2/repository/cglib/cglib-nodep/3.1/cglib-nodep-3.1.jar:/Users/esensato/.m2/repository/org/sonarsource/sslr/sslr-toolkit/1.21/sslr-toolkit-1.21.jar:/Users/esensato/.m2/repository/org/sonarsource/sslr/sslr-xpath/1.21/sslr-xpath-1.21.jar:/Users/esensato/.m2/repository/jaxen/jaxen/1.1.4/jaxen-1.1.4.jar:/Users/esensato/.m2/repository/org/codehaus/sonar/sonar-colorizer/3.7/sonar-colorizer-3.7.jar:/Users/esensato/.m2/repository/org/codehaus/sonar/sonar-channel/3.7/sonar-channel-3.7.jar:/Users/esensato/.m2/repository/commons-io/commons-io/2.4/commons-io-2.4.jar:/Users/esensato/.m2/repository/org/easytesting/fest-assert/1.4/fest-assert-1.4.jar:/Users/esensato/.m2/repository/org/easytesting/fest-util/1.1.6/fest-util-1.1.6.jar:/Users/esensato/.m2/repository/org/hamcrest/hamcrest-all/1.1/hamcrest-all-1.1.jar:/Users/esensato/.m2/repository/commons-lang/commons-lang/2.6/commons-lang-2.6.jar:/Users/esensato/.m2/repository/com/google/guava/guava/19.0/guava-19.0.jar:/Users/esensato/.m2/repository/org/slf4j/slf4j-api/1.6.2/slf4j-api-1.6.2.jar:/Users/esensato/.m2/repository/junit/junit/4.11/junit-4.11.jar:/Users/esensato/.m2/repository/org/hamcrest/hamcrest-core/1.3/hamcrest-core-1.3.jar:/Users/esensato/.m2/repository/org/assertj/assertj-core/3.6.1/assertj-core-3.6.1.jar:/Users/esensato/.m2/repository/ch/qos/logback/logback-classic/0.9.30/logback-classic-0.9.30.jar:/Users/esensato/.m2/repository/ch/qos/logback/logback-core/0.9.30/logback-core-0.9.30.jar:"/>
    <property name="java.vm.vendor" value="Oracle Corporation"/>
    <property name="sun.arch.data.model" value="64"/>
    <property name="java.vendor.url" value="http://java.oracle.com/"/>
    <property name="user.timezone" value=""/>
    <property name="java.vm.specification.version" value="1.8"/>
    <property name="os.name" value="Mac OS X"/>
    <property name="user.country" value="BR"/>
    <property name="sun.java.launcher" value="SUN_STANDARD"/>
    <property name="sun.boot.library.path" value="/Library/Java/JavaVirtualMachines/jdk1.8.0_60.jdk/Contents/Home/jre/lib"/>
    <property name="sun.java.command" value="/Users/esensato/Documents/opbrazil/sonarqube-logcount/target/surefire/surefirebooter2442673450200018420.jar /Users/esensato/Documents/opbrazil/sonarqube-logcount/target/surefire 2019-10-22T12-11-50_603-jvmRun1 surefire8783179004699618354tmp surefire_01637944007293142610tmp"/>
    <property name="http.nonProxyHosts" value="local|*.local|169.254/16|*.169.254/16"/>
    <property name="surefire.test.class.path" value="/Users/esensato/Documents/opbrazil/sonarqube-logcount/target/test-classes:/Users/esensato/Documents/opbrazil/sonarqube-logcount/target/classes:/Users/esensato/.m2/repository/org/sonarsource/sonarqube/sonar-plugin-api/7.4/sonar-plugin-api-7.4.jar:/Users/esensato/.m2/repository/org/sonarsource/java/sonar-java-plugin/5.12.1.17771/sonar-java-plugin-5.12.1.17771.jar:/Users/esensato/.m2/repository/org/sonarsource/java/java-surefire/5.12.1.17771/java-surefire-5.12.1.17771.jar:/Users/esensato/.m2/repository/com/fasterxml/staxmate/staxmate/2.3.1/staxmate-2.3.1.jar:/Users/esensato/.m2/repository/org/codehaus/woodstox/stax2-api/3.1.4/stax2-api-3.1.4.jar:/Users/esensato/.m2/repository/org/sonarsource/analyzer-commons/sonar-xml-parsing/1.10.2.456/sonar-xml-parsing-1.10.2.456.jar:/Users/esensato/.m2/repository/org/sonarsource/analyzer-commons/sonar-analyzer-test-commons/1.10.2.456/sonar-analyzer-test-commons-1.10.2.456.jar:/Users/esensato/.m2/repository/xerces/xercesImpl/2.12.0/xercesImpl-2.12.0.jar:/Users/esensato/.m2/repository/xml-apis/xml-apis/1.4.01/xml-apis-1.4.01.jar:/Users/esensato/.m2/repository/com/fasterxml/woodstox/woodstox-core/5.2.0/woodstox-core-5.2.0.jar:/Users/esensato/.m2/repository/org/sonarsource/java/java-jacoco/5.12.1.17771/java-jacoco-5.12.1.17771.jar:/Users/esensato/.m2/repository/org/jacoco/org.jacoco.core/0.8.3/org.jacoco.core-0.8.3.jar:/Users/esensato/.m2/repository/org/ow2/asm/asm/7.0/asm-7.0.jar:/Users/esensato/.m2/repository/org/sonarsource/java/java-frontend/5.12.1.17771/java-frontend-5.12.1.17771.jar:/Users/esensato/.m2/repository/org/ow2/asm/asm-commons/7.1/asm-commons-7.1.jar:/Users/esensato/.m2/repository/org/ow2/asm/asm-tree/7.1/asm-tree-7.1.jar:/Users/esensato/.m2/repository/org/ow2/asm/asm-analysis/7.1/asm-analysis-7.1.jar:/Users/esensato/.m2/repository/org/ow2/asm/asm-util/7.1/asm-util-7.1.jar:/Users/esensato/.m2/repository/org/sonarsource/java/java-checks/5.12.1.17771/java-checks-5.12.1.17771.jar:/Users/esensato/.m2/repository/org/sonarsource/analyzer-commons/sonar-analyzer-recognizers/1.10.2.456/sonar-analyzer-recognizers-1.10.2.456.jar:/Users/esensato/.m2/repository/org/sonarsource/java/external-reports/5.12.1.17771/external-reports-5.12.1.17771.jar:/Users/esensato/.m2/repository/org/sonarsource/analyzer-commons/sonar-analyzer-commons/1.10.2.456/sonar-analyzer-commons-1.10.2.456.jar:/Users/esensato/.m2/repository/org/sonarsource/sslr-squid-bridge/sslr-squid-bridge/2.6.1/sslr-squid-bridge-2.6.1.jar:/Users/esensato/.m2/repository/org/picocontainer/picocontainer/2.14.1/picocontainer-2.14.1.jar:/Users/esensato/.m2/repository/org/sonarsource/java/java-checks-testkit/5.12.1.17771/java-checks-testkit-5.12.1.17771.jar:/Users/esensato/.m2/repository/com/google/code/findbugs/jsr305/1.3.9/jsr305-1.3.9.jar:/Users/esensato/.m2/repository/com/google/code/gson/gson/2.6.2/gson-2.6.2.jar:/Users/esensato/.m2/repository/org/sonarsource/sslr/sslr-testing-harness/1.21/sslr-testing-harness-1.21.jar:/Users/esensato/.m2/repository/org/sonarsource/sslr/sslr-core/1.21/sslr-core-1.21.jar:/Users/esensato/.m2/repository/cglib/cglib-nodep/3.1/cglib-nodep-3.1.jar:/Users/esensato/.m2/repository/org/sonarsource/sslr/sslr-toolkit/1.21/sslr-toolkit-1.21.jar:/Users/esensato/.m2/repository/org/sonarsource/sslr/sslr-xpath/1.21/sslr-xpath-1.21.jar:/Users/esensato/.m2/repository/jaxen/jaxen/1.1.4/jaxen-1.1.4.jar:/Users/esensato/.m2/repository/org/codehaus/sonar/sonar-colorizer/3.7/sonar-colorizer-3.7.jar:/Users/esensato/.m2/repository/org/codehaus/sonar/sonar-channel/3.7/sonar-channel-3.7.jar:/Users/esensato/.m2/repository/commons-io/commons-io/2.4/commons-io-2.4.jar:/Users/esensato/.m2/repository/org/easytesting/fest-assert/1.4/fest-assert-1.4.jar:/Users/esensato/.m2/repository/org/easytesting/fest-util/1.1.6/fest-util-1.1.6.jar:/Users/esensato/.m2/repository/org/hamcrest/hamcrest-all/1.1/hamcrest-all-1.1.jar:/Users/esensato/.m2/repository/commons-lang/commons-lang/2.6/commons-lang-2.6.jar:/Users/esensato/.m2/repository/com/google/guava/guava/19.0/guava-19.0.jar:/Users/esensato/.m2/repository/org/slf4j/slf4j-api/1.6.2/slf4j-api-1.6.2.jar:/Users/esensato/.m2/repository/junit/junit/4.11/junit-4.11.jar:/Users/esensato/.m2/repository/org/hamcrest/hamcrest-core/1.3/hamcrest-core-1.3.jar:/Users/esensato/.m2/repository/org/assertj/assertj-core/3.6.1/assertj-core-3.6.1.jar:/Users/esensato/.m2/repository/ch/qos/logback/logback-classic/0.9.30/logback-classic-0.9.30.jar:/Users/esensato/.m2/repository/ch/qos/logback/logback-core/0.9.30/logback-core-0.9.30.jar:"/>
    <property name="sun.cpu.endian" value="little"/>
    <property name="user.home" value="/Users/esensato"/>
    <property name="user.language" value="pt"/>
    <property name="java.specification.vendor" value="Oracle Corporation"/>
    <property name="java.home" value="/Library/Java/JavaVirtualMachines/jdk1.8.0_60.jdk/Contents/Home/jre"/>
    <property name="basedir" value="/Users/esensato/Documents/opbrazil/sonarqube-logcount"/>
    <property name="file.separator" value="/"/>
    <property name="line.separator" value="&#10;"/>
    <property name="java.vm.specification.vendor" value="Oracle Corporation"/>
    <property name="java.specification.name" value="Java Platform API Specification"/>
    <property name="java.awt.graphicsenv" value="sun.awt.CGraphicsEnvironment"/>
    <property name="surefire.real.class.path" value="/Users/esensato/Documents/opbrazil/sonarqube-logcount/target/surefire/surefirebooter2442673450200018420.jar"/>
    <property name="sun.boot.class.path" value="/Library/Java/JavaVirtualMachines/jdk1.8.0_60.jdk/Contents/Home/jre/lib/resources.jar:/Library/Java/JavaVirtualMachines/jdk1.8.0_60.jdk/Contents/Home/jre/lib/rt.jar:/Library/Java/JavaVirtualMachines/jdk1.8.0_60.jdk/Contents/Home/jre/lib/sunrsasign.jar:/Library/Java/JavaVirtualMachines/jdk1.8.0_60.jdk/Contents/Home/jre/lib/jsse.jar:/Library/Java/JavaVirtualMachines/jdk1.8.0_60.jdk/Contents/Home/jre/lib/jce.jar:/Library/Java/JavaVirtualMachines/jdk1.8.0_60.jdk/Contents/Home/jre/lib/charsets.jar:/Library/Java/JavaVirtualMachines/jdk1.8.0_60.jdk/Contents/Home/jre/lib/jfr.jar:/Library/Java/JavaVirtualMachines/jdk1.8.0_60.jdk/Contents/Home/jre/classes"/>
    <property name="sun.management.compiler" value="HotSpot 64-Bit Tiered Compilers"/>
    <property name="ftp.nonProxyHosts" value="local|*.local|169.254/16|*.169.254/16"/>
    <property name="java.runtime.version" value="1.8.0_60-b27"/>
    <property name="user.name" value="esensato"/>
    <property name="path.separator" value=":"/>
    <property name="os.version" value="10.14.6"/>
    <property name="java.endorsed.dirs" value="/Library/Java/JavaVirtualMachines/jdk1.8.0_60.jdk/Contents/Home/jre/lib/endorsed"/>
    <property name="java.runtime.name" value="Java(TM) SE Runtime Environment"/>
    <property name="file.encoding" value="UTF-8"/>
    <property name="java.vm.name" value="Java HotSpot(TM) 64-Bit Server VM"/>
    <property name="localRepository" value="/Users/esensato/.m2/repository"/>
    <property name="java.vendor.url.bug" value="http://bugreport.sun.com/bugreport/"/>
    <property name="java.io.tmpdir" value="/var/folders/_w/830vwgpn31g6b5qw8cw1xzw80000gn/T/"/>
    <property name="java.version" value="1.8.0_60"/>
    <property name="user.dir" value="/Users/esensato/Documents/opbrazil/sonarqube-logcount"/>
    <property name="os.arch" value="x86_64"/>
    <property name="java.vm.specification.name" value="Java Virtual Machine Specification"/>
    <property name="java.awt.printerjob" value="sun.lwawt.macosx.CPrinterJob"/>
    <property name="sun.os.patch.level" value="unknown"/>
    <property name="java.library.path" value="/Users/esensato/Library/Java/Extensions:/Library/Java/Extensions:/Network/Library/Java/Extensions:/System/Library/Java/Extensions:/usr/lib/java:."/>
    <property name="java.vm.info" value="mixed mode"/>
    <property name="java.vendor" value="Oracle Corporation"/>
    <property name="java.vm.version" value="25.60-b23"/>
    <property name="java.ext.dirs" value="/Users/esensato/Library/Java/Extensions:/Library/Java/JavaVirtualMachines/jdk1.8.0_60.jdk/Contents/Home/jre/lib/ext:/Library/Java/Extensions:/Network/Library/Java/Extensions:/System/Library/Java/Extensions:/usr/lib/java"/>
    <property name="sun.io.unicode.encoding" value="UnicodeBig"/>
    <property name="java.class.version" value="52.0"/>
    <property name="socksNonProxyHosts" value="local|*.local|169.254/16|*.169.254/16"/>
  </properties>
  <testcase name="test" classname="sonarqube.logcount.sonarqube_logcount.MyFirstCustomCheckTest" time="0.003"/>
</testsuite>